{"/Users/vasileiospapakostas/Desktop/employee-management-api/server.js": {"path":"/Users/vasileiospapakostas/Desktop/employee-management-api/server.js","statementMap":{"0":{"start":{"line":1,"column":0},"end":{"line":1,"column":27}},"1":{"start":{"line":2,"column":16},"end":{"line":2,"column":34}},"2":{"start":{"line":3,"column":12},"end":{"line":3,"column":21}},"3":{"start":{"line":4,"column":13},"end":{"line":4,"column":37}},"4":{"start":{"line":6,"column":0},"end":{"line":6,"column":24}},"5":{"start":{"line":8,"column":0},"end":{"line":10,"column":3}},"6":{"start":{"line":9,"column":4},"end":{"line":9,"column":92}},"7":{"start":{"line":14,"column":23},"end":{"line":14,"column":57}},"8":{"start":{"line":15,"column":0},"end":{"line":15,"column":38}},"9":{"start":{"line":17,"column":20},"end":{"line":17,"column":51}},"10":{"start":{"line":18,"column":0},"end":{"line":18,"column":32}},"11":{"start":{"line":21,"column":0},"end":{"line":25,"column":1}},"12":{"start":{"line":22,"column":4},"end":{"line":24,"column":7}},"13":{"start":{"line":23,"column":8},"end":{"line":23,"column":54}},"14":{"start":{"line":27,"column":0},"end":{"line":27,"column":21}}},"fnMap":{"0":{"name":"(anonymous_0)","decl":{"start":{"line":8,"column":13},"end":{"line":8,"column":14}},"loc":{"start":{"line":8,"column":36},"end":{"line":10,"column":1}},"line":8},"1":{"name":"(anonymous_1)","decl":{"start":{"line":22,"column":21},"end":{"line":22,"column":22}},"loc":{"start":{"line":22,"column":27},"end":{"line":24,"column":5}},"line":22}},"branchMap":{"0":{"loc":{"start":{"line":4,"column":13},"end":{"line":4,"column":37}},"type":"binary-expr","locations":[{"start":{"line":4,"column":13},"end":{"line":4,"column":29}},{"start":{"line":4,"column":33},"end":{"line":4,"column":37}}],"line":4},"1":{"loc":{"start":{"line":21,"column":0},"end":{"line":25,"column":1}},"type":"if","locations":[{"start":{"line":21,"column":0},"end":{"line":25,"column":1}},{"start":{},"end":{}}],"line":21}},"s":{"0":3,"1":3,"2":3,"3":3,"4":3,"5":3,"6":1,"7":3,"8":3,"9":3,"10":3,"11":3,"12":0,"13":0,"14":3},"f":{"0":1,"1":0},"b":{"0":[3,0],"1":[0,3]},"_coverageSchema":"1a1c01bbd47fc00a2c39e90264f33305004495a9","hash":"7992f57393ccdf70333f6f7c11ec57839d5938c4"}
,"/Users/vasileiospapakostas/Desktop/employee-management-api/controllers/employeeController.js": {"path":"/Users/vasileiospapakostas/Desktop/employee-management-api/controllers/employeeController.js","statementMap":{"0":{"start":{"line":1,"column":18},"end":{"line":1,"column":52}},"1":{"start":{"line":2,"column":23},"end":{"line":2,"column":38}},"2":{"start":{"line":4,"column":27},"end":{"line":4,"column":47}},"3":{"start":{"line":7,"column":24},"end":{"line":9,"column":1}},"4":{"start":{"line":8,"column":4},"end":{"line":8,"column":29}},"5":{"start":{"line":12,"column":23},"end":{"line":22,"column":1}},"6":{"start":{"line":14,"column":24},"end":{"line":14,"column":36}},"7":{"start":{"line":16,"column":23},"end":{"line":16,"column":31}},"8":{"start":{"line":18,"column":28},"end":{"line":18,"column":62}},"9":{"start":{"line":19,"column":4},"end":{"line":19,"column":36}},"10":{"start":{"line":21,"column":4},"end":{"line":21,"column":47}},"11":{"start":{"line":25,"column":23},"end":{"line":40,"column":1}},"12":{"start":{"line":27,"column":23},"end":{"line":27,"column":40}},"13":{"start":{"line":29,"column":24},"end":{"line":29,"column":36}},"14":{"start":{"line":31,"column":26},"end":{"line":31,"column":75}},"15":{"start":{"line":31,"column":53},"end":{"line":31,"column":74}},"16":{"start":{"line":33,"column":4},"end":{"line":35,"column":5}},"17":{"start":{"line":34,"column":8},"end":{"line":34,"column":74}},"18":{"start":{"line":37,"column":4},"end":{"line":37,"column":95}},"19":{"start":{"line":39,"column":4},"end":{"line":39,"column":44}},"20":{"start":{"line":43,"column":23},"end":{"line":53,"column":1}},"21":{"start":{"line":44,"column":23},"end":{"line":44,"column":40}},"22":{"start":{"line":45,"column":26},"end":{"line":45,"column":75}},"23":{"start":{"line":45,"column":53},"end":{"line":45,"column":74}},"24":{"start":{"line":46,"column":4},"end":{"line":48,"column":5}},"25":{"start":{"line":47,"column":8},"end":{"line":47,"column":74}},"26":{"start":{"line":50,"column":4},"end":{"line":50,"column":39}},"27":{"start":{"line":52,"column":4},"end":{"line":52,"column":76}},"28":{"start":{"line":56,"column":30},"end":{"line":62,"column":1}},"29":{"start":{"line":57,"column":23},"end":{"line":57,"column":56}},"30":{"start":{"line":58,"column":30},"end":{"line":60,"column":5}},"31":{"start":{"line":59,"column":8},"end":{"line":59,"column":51}},"32":{"start":{"line":61,"column":4},"end":{"line":61,"column":37}},"33":{"start":{"line":65,"column":33},"end":{"line":71,"column":1}},"34":{"start":{"line":66,"column":26},"end":{"line":66,"column":62}},"35":{"start":{"line":67,"column":30},"end":{"line":69,"column":5}},"36":{"start":{"line":68,"column":8},"end":{"line":68,"column":57}},"37":{"start":{"line":70,"column":4},"end":{"line":70,"column":37}},"38":{"start":{"line":74,"column":31},"end":{"line":82,"column":1}},"39":{"start":{"line":75,"column":24},"end":{"line":75,"column":58}},"40":{"start":{"line":76,"column":30},"end":{"line":80,"column":5}},"41":{"start":{"line":77,"column":8},"end":{"line":79,"column":9}},"42":{"start":{"line":78,"column":12},"end":{"line":78,"column":53}},"43":{"start":{"line":81,"column":4},"end":{"line":81,"column":37}},"44":{"start":{"line":84,"column":0},"end":{"line":92,"column":2}}},"fnMap":{"0":{"name":"(anonymous_0)","decl":{"start":{"line":7,"column":24},"end":{"line":7,"column":25}},"loc":{"start":{"line":7,"column":47},"end":{"line":9,"column":1}},"line":7},"1":{"name":"(anonymous_1)","decl":{"start":{"line":12,"column":23},"end":{"line":12,"column":24}},"loc":{"start":{"line":12,"column":46},"end":{"line":22,"column":1}},"line":12},"2":{"name":"(anonymous_2)","decl":{"start":{"line":25,"column":23},"end":{"line":25,"column":24}},"loc":{"start":{"line":25,"column":46},"end":{"line":40,"column":1}},"line":25},"3":{"name":"(anonymous_3)","decl":{"start":{"line":31,"column":46},"end":{"line":31,"column":47}},"loc":{"start":{"line":31,"column":53},"end":{"line":31,"column":74}},"line":31},"4":{"name":"(anonymous_4)","decl":{"start":{"line":43,"column":23},"end":{"line":43,"column":24}},"loc":{"start":{"line":43,"column":46},"end":{"line":53,"column":1}},"line":43},"5":{"name":"(anonymous_5)","decl":{"start":{"line":45,"column":46},"end":{"line":45,"column":47}},"loc":{"start":{"line":45,"column":53},"end":{"line":45,"column":74}},"line":45},"6":{"name":"(anonymous_6)","decl":{"start":{"line":56,"column":30},"end":{"line":56,"column":31}},"loc":{"start":{"line":56,"column":53},"end":{"line":62,"column":1}},"line":56},"7":{"name":"(anonymous_7)","decl":{"start":{"line":58,"column":47},"end":{"line":58,"column":48}},"loc":{"start":{"line":59,"column":8},"end":{"line":59,"column":51}},"line":59},"8":{"name":"(anonymous_8)","decl":{"start":{"line":65,"column":33},"end":{"line":65,"column":34}},"loc":{"start":{"line":65,"column":56},"end":{"line":71,"column":1}},"line":65},"9":{"name":"(anonymous_9)","decl":{"start":{"line":67,"column":47},"end":{"line":67,"column":48}},"loc":{"start":{"line":68,"column":8},"end":{"line":68,"column":57}},"line":68},"10":{"name":"(anonymous_10)","decl":{"start":{"line":74,"column":31},"end":{"line":74,"column":32}},"loc":{"start":{"line":74,"column":54},"end":{"line":82,"column":1}},"line":74},"11":{"name":"(anonymous_11)","decl":{"start":{"line":76,"column":47},"end":{"line":76,"column":48}},"loc":{"start":{"line":77,"column":8},"end":{"line":79,"column":9}},"line":77},"12":{"name":"(anonymous_12)","decl":{"start":{"line":77,"column":38},"end":{"line":77,"column":39}},"loc":{"start":{"line":78,"column":12},"end":{"line":78,"column":53}},"line":78}},"branchMap":{"0":{"loc":{"start":{"line":33,"column":4},"end":{"line":35,"column":5}},"type":"if","locations":[{"start":{"line":33,"column":4},"end":{"line":35,"column":5}},{"start":{},"end":{}}],"line":33},"1":{"loc":{"start":{"line":46,"column":4},"end":{"line":48,"column":5}},"type":"if","locations":[{"start":{"line":46,"column":4},"end":{"line":48,"column":5}},{"start":{},"end":{}}],"line":46},"2":{"loc":{"start":{"line":77,"column":8},"end":{"line":79,"column":9}},"type":"binary-expr","locations":[{"start":{"line":77,"column":8},"end":{"line":77,"column":18}},{"start":{"line":77,"column":22},"end":{"line":79,"column":9}}],"line":77}},"s":{"0":3,"1":3,"2":3,"3":3,"4":3,"5":3,"6":29,"7":29,"8":29,"9":29,"10":29,"11":3,"12":2,"13":2,"14":2,"15":11,"16":2,"17":1,"18":1,"19":1,"20":3,"21":2,"22":2,"23":16,"24":2,"25":1,"26":1,"27":1,"28":3,"29":2,"30":2,"31":25,"32":2,"33":3,"34":2,"35":2,"36":37,"37":2,"38":3,"39":3,"40":3,"41":79,"42":184,"43":3,"44":3},"f":{"0":3,"1":29,"2":2,"3":11,"4":2,"5":16,"6":2,"7":25,"8":2,"9":37,"10":3,"11":79,"12":184},"b":{"0":[1,1],"1":[1,1],"2":[79,78]},"_coverageSchema":"1a1c01bbd47fc00a2c39e90264f33305004495a9","hash":"b8d7e9c9fa3722fffdbe19ce1c8fc4dddc4315fd"}
,"/Users/vasileiospapakostas/Desktop/employee-management-api/controllers/skillController.js": {"path":"/Users/vasileiospapakostas/Desktop/employee-management-api/controllers/skillController.js","statementMap":{"0":{"start":{"line":1,"column":15},"end":{"line":1,"column":46}},"1":{"start":{"line":2,"column":23},"end":{"line":2,"column":38}},"2":{"start":{"line":4,"column":22},"end":{"line":4,"column":39}},"3":{"start":{"line":7,"column":21},"end":{"line":9,"column":1}},"4":{"start":{"line":8,"column":4},"end":{"line":8,"column":26}},"5":{"start":{"line":12,"column":20},"end":{"line":18,"column":1}},"6":{"start":{"line":13,"column":21},"end":{"line":13,"column":33}},"7":{"start":{"line":14,"column":20},"end":{"line":14,"column":28}},"8":{"start":{"line":15,"column":25},"end":{"line":15,"column":53}},"9":{"start":{"line":16,"column":4},"end":{"line":16,"column":30}},"10":{"start":{"line":17,"column":4},"end":{"line":17,"column":44}},"11":{"start":{"line":21,"column":20},"end":{"line":30,"column":1}},"12":{"start":{"line":22,"column":20},"end":{"line":22,"column":37}},"13":{"start":{"line":23,"column":25},"end":{"line":23,"column":37}},"14":{"start":{"line":24,"column":23},"end":{"line":24,"column":70}},"15":{"start":{"line":24,"column":49},"end":{"line":24,"column":69}},"16":{"start":{"line":25,"column":4},"end":{"line":27,"column":5}},"17":{"start":{"line":26,"column":8},"end":{"line":26,"column":69}},"18":{"start":{"line":28,"column":4},"end":{"line":28,"column":81}},"19":{"start":{"line":29,"column":4},"end":{"line":29,"column":38}},"20":{"start":{"line":33,"column":20},"end":{"line":41,"column":1}},"21":{"start":{"line":34,"column":20},"end":{"line":34,"column":37}},"22":{"start":{"line":35,"column":23},"end":{"line":35,"column":70}},"23":{"start":{"line":35,"column":49},"end":{"line":35,"column":69}},"24":{"start":{"line":36,"column":4},"end":{"line":38,"column":5}},"25":{"start":{"line":37,"column":8},"end":{"line":37,"column":69}},"26":{"start":{"line":39,"column":4},"end":{"line":39,"column":33}},"27":{"start":{"line":40,"column":4},"end":{"line":40,"column":73}},"28":{"start":{"line":43,"column":0},"end":{"line":43,"column":73}}},"fnMap":{"0":{"name":"(anonymous_0)","decl":{"start":{"line":7,"column":21},"end":{"line":7,"column":22}},"loc":{"start":{"line":7,"column":44},"end":{"line":9,"column":1}},"line":7},"1":{"name":"(anonymous_1)","decl":{"start":{"line":12,"column":20},"end":{"line":12,"column":21}},"loc":{"start":{"line":12,"column":43},"end":{"line":18,"column":1}},"line":12},"2":{"name":"(anonymous_2)","decl":{"start":{"line":21,"column":20},"end":{"line":21,"column":21}},"loc":{"start":{"line":21,"column":43},"end":{"line":30,"column":1}},"line":21},"3":{"name":"(anonymous_3)","decl":{"start":{"line":24,"column":40},"end":{"line":24,"column":41}},"loc":{"start":{"line":24,"column":49},"end":{"line":24,"column":69}},"line":24},"4":{"name":"(anonymous_4)","decl":{"start":{"line":33,"column":20},"end":{"line":33,"column":21}},"loc":{"start":{"line":33,"column":43},"end":{"line":41,"column":1}},"line":33},"5":{"name":"(anonymous_5)","decl":{"start":{"line":35,"column":40},"end":{"line":35,"column":41}},"loc":{"start":{"line":35,"column":49},"end":{"line":35,"column":69}},"line":35}},"branchMap":{"0":{"loc":{"start":{"line":25,"column":4},"end":{"line":27,"column":5}},"type":"if","locations":[{"start":{"line":25,"column":4},"end":{"line":27,"column":5}},{"start":{},"end":{}}],"line":25},"1":{"loc":{"start":{"line":36,"column":4},"end":{"line":38,"column":5}},"type":"if","locations":[{"start":{"line":36,"column":4},"end":{"line":38,"column":5}},{"start":{},"end":{}}],"line":36}},"s":{"0":3,"1":3,"2":3,"3":3,"4":3,"5":3,"6":5,"7":5,"8":5,"9":5,"10":5,"11":3,"12":2,"13":2,"14":2,"15":13,"16":2,"17":1,"18":1,"19":1,"20":3,"21":2,"22":2,"23":16,"24":2,"25":1,"26":1,"27":1,"28":3},"f":{"0":3,"1":5,"2":2,"3":13,"4":2,"5":16},"b":{"0":[1,1],"1":[1,1]},"_coverageSchema":"1a1c01bbd47fc00a2c39e90264f33305004495a9","hash":"452ede9fa89dcb2a269a66250ef3cad8de547926"}
,"/Users/vasileiospapakostas/Desktop/employee-management-api/middlewares/validation.js": {"path":"/Users/vasileiospapakostas/Desktop/employee-management-api/middlewares/validation.js","statementMap":{"0":{"start":{"line":2,"column":25},"end":{"line":39,"column":1}},"1":{"start":{"line":3,"column":38},"end":{"line":3,"column":50}},"2":{"start":{"line":6,"column":4},"end":{"line":11,"column":5}},"3":{"start":{"line":7,"column":8},"end":{"line":10,"column":11}},"4":{"start":{"line":14,"column":4},"end":{"line":19,"column":5}},"5":{"start":{"line":15,"column":8},"end":{"line":18,"column":11}},"6":{"start":{"line":22,"column":4},"end":{"line":27,"column":5}},"7":{"start":{"line":23,"column":8},"end":{"line":26,"column":11}},"8":{"start":{"line":30,"column":4},"end":{"line":35,"column":5}},"9":{"start":{"line":31,"column":8},"end":{"line":34,"column":11}},"10":{"start":{"line":38,"column":4},"end":{"line":38,"column":11}},"11":{"start":{"line":42,"column":22},"end":{"line":71,"column":1}},"12":{"start":{"line":43,"column":44},"end":{"line":43,"column":56}},"13":{"start":{"line":46,"column":4},"end":{"line":51,"column":5}},"14":{"start":{"line":47,"column":8},"end":{"line":50,"column":11}},"15":{"start":{"line":54,"column":4},"end":{"line":59,"column":5}},"16":{"start":{"line":55,"column":8},"end":{"line":58,"column":11}},"17":{"start":{"line":62,"column":4},"end":{"line":67,"column":5}},"18":{"start":{"line":63,"column":8},"end":{"line":66,"column":11}},"19":{"start":{"line":70,"column":4},"end":{"line":70,"column":11}},"20":{"start":{"line":73,"column":0},"end":{"line":73,"column":53}}},"fnMap":{"0":{"name":"(anonymous_0)","decl":{"start":{"line":2,"column":25},"end":{"line":2,"column":26}},"loc":{"start":{"line":2,"column":54},"end":{"line":39,"column":1}},"line":2},"1":{"name":"(anonymous_1)","decl":{"start":{"line":42,"column":22},"end":{"line":42,"column":23}},"loc":{"start":{"line":42,"column":51},"end":{"line":71,"column":1}},"line":42}},"branchMap":{"0":{"loc":{"start":{"line":6,"column":4},"end":{"line":11,"column":5}},"type":"if","locations":[{"start":{"line":6,"column":4},"end":{"line":11,"column":5}},{"start":{},"end":{}}],"line":6},"1":{"loc":{"start":{"line":6,"column":8},"end":{"line":6,"column":88}},"type":"binary-expr","locations":[{"start":{"line":6,"column":8},"end":{"line":6,"column":26}},{"start":{"line":6,"column":30},"end":{"line":6,"column":43}},{"start":{"line":6,"column":47},"end":{"line":6,"column":68}},{"start":{"line":6,"column":72},"end":{"line":6,"column":88}}],"line":6},"2":{"loc":{"start":{"line":14,"column":4},"end":{"line":19,"column":5}},"type":"if","locations":[{"start":{"line":14,"column":4},"end":{"line":19,"column":5}},{"start":{},"end":{}}],"line":14},"3":{"loc":{"start":{"line":14,"column":8},"end":{"line":14,"column":63}},"type":"binary-expr","locations":[{"start":{"line":14,"column":8},"end":{"line":14,"column":32}},{"start":{"line":14,"column":36},"end":{"line":14,"column":63}}],"line":14},"4":{"loc":{"start":{"line":22,"column":4},"end":{"line":27,"column":5}},"type":"if","locations":[{"start":{"line":22,"column":4},"end":{"line":27,"column":5}},{"start":{},"end":{}}],"line":22},"5":{"loc":{"start":{"line":22,"column":8},"end":{"line":22,"column":51}},"type":"binary-expr","locations":[{"start":{"line":22,"column":8},"end":{"line":22,"column":26}},{"start":{"line":22,"column":30},"end":{"line":22,"column":51}}],"line":22},"6":{"loc":{"start":{"line":30,"column":4},"end":{"line":35,"column":5}},"type":"if","locations":[{"start":{"line":30,"column":4},"end":{"line":35,"column":5}},{"start":{},"end":{}}],"line":30},"7":{"loc":{"start":{"line":30,"column":8},"end":{"line":30,"column":40}},"type":"binary-expr","locations":[{"start":{"line":30,"column":8},"end":{"line":30,"column":14}},{"start":{"line":30,"column":18},"end":{"line":30,"column":40}}],"line":30},"8":{"loc":{"start":{"line":46,"column":4},"end":{"line":51,"column":5}},"type":"if","locations":[{"start":{"line":46,"column":4},"end":{"line":51,"column":5}},{"start":{},"end":{}}],"line":46},"9":{"loc":{"start":{"line":46,"column":8},"end":{"line":46,"column":143}},"type":"binary-expr","locations":[{"start":{"line":46,"column":8},"end":{"line":46,"column":26}},{"start":{"line":46,"column":30},"end":{"line":46,"column":43}},{"start":{"line":46,"column":47},"end":{"line":46,"column":72}},{"start":{"line":46,"column":76},"end":{"line":46,"column":96}},{"start":{"line":46,"column":100},"end":{"line":46,"column":122}},{"start":{"line":46,"column":126},"end":{"line":46,"column":143}}],"line":46},"10":{"loc":{"start":{"line":54,"column":4},"end":{"line":59,"column":5}},"type":"if","locations":[{"start":{"line":54,"column":4},"end":{"line":59,"column":5}},{"start":{},"end":{}}],"line":54},"11":{"loc":{"start":{"line":54,"column":8},"end":{"line":54,"column":99}},"type":"binary-expr","locations":[{"start":{"line":54,"column":8},"end":{"line":54,"column":32}},{"start":{"line":54,"column":36},"end":{"line":54,"column":67}},{"start":{"line":54,"column":71},"end":{"line":54,"column":99}}],"line":54},"12":{"loc":{"start":{"line":62,"column":4},"end":{"line":67,"column":5}},"type":"if","locations":[{"start":{"line":62,"column":4},"end":{"line":67,"column":5}},{"start":{},"end":{}}],"line":62},"13":{"loc":{"start":{"line":62,"column":8},"end":{"line":62,"column":81}},"type":"binary-expr","locations":[{"start":{"line":62,"column":8},"end":{"line":62,"column":26}},{"start":{"line":62,"column":30},"end":{"line":62,"column":55}},{"start":{"line":62,"column":59},"end":{"line":62,"column":81}}],"line":62}},"s":{"0":3,"1":38,"2":38,"3":1,"4":37,"5":2,"6":35,"7":3,"8":32,"9":1,"10":31,"11":3,"12":14,"13":14,"14":1,"15":13,"16":3,"17":10,"18":3,"19":7,"20":3},"f":{"0":38,"1":14},"b":{"0":[1,37],"1":[38,37,37,37],"2":[2,35],"3":[37,36],"4":[3,32],"5":[35,33],"6":[1,31],"7":[32,30],"8":[1,13],"9":[14,13,13,13,13,13],"10":[3,10],"11":[13,12,11],"12":[3,7],"13":[10,9,8]},"_coverageSchema":"1a1c01bbd47fc00a2c39e90264f33305004495a9","hash":"0952f858487c6f8be79bc1ac34c290176b0c3991"}
,"/Users/vasileiospapakostas/Desktop/employee-management-api/models/employeeModel.js": {"path":"/Users/vasileiospapakostas/Desktop/employee-management-api/models/employeeModel.js","statementMap":{"0":{"start":{"line":1,"column":18},"end":{"line":4,"column":1}},"1":{"start":{"line":6,"column":0},"end":{"line":6,"column":27}}},"fnMap":{},"branchMap":{},"s":{"0":3,"1":3},"f":{},"b":{},"_coverageSchema":"1a1c01bbd47fc00a2c39e90264f33305004495a9","hash":"2f78274d6f59c54284383e7c673d09363e3e1e63"}
,"/Users/vasileiospapakostas/Desktop/employee-management-api/models/skillModel.js": {"path":"/Users/vasileiospapakostas/Desktop/employee-management-api/models/skillModel.js","statementMap":{"0":{"start":{"line":1,"column":23},"end":{"line":1,"column":38}},"1":{"start":{"line":3,"column":15},"end":{"line":28,"column":1}},"2":{"start":{"line":30,"column":0},"end":{"line":30,"column":24}}},"fnMap":{},"branchMap":{},"s":{"0":3,"1":3,"2":3},"f":{},"b":{},"_coverageSchema":"1a1c01bbd47fc00a2c39e90264f33305004495a9","hash":"ad250f10dc5faa6527663a2c5c42248b57f0016b"}
,"/Users/vasileiospapakostas/Desktop/employee-management-api/routes/employeeRoutes.js": {"path":"/Users/vasileiospapakostas/Desktop/employee-management-api/routes/employeeRoutes.js","statementMap":{"0":{"start":{"line":1,"column":16},"end":{"line":1,"column":34}},"1":{"start":{"line":2,"column":15},"end":{"line":2,"column":31}},"2":{"start":{"line":11,"column":4},"end":{"line":11,"column":48}},"3":{"start":{"line":12,"column":29},"end":{"line":12,"column":65}},"4":{"start":{"line":14,"column":0},"end":{"line":14,"column":33}},"5":{"start":{"line":15,"column":0},"end":{"line":15,"column":51}},"6":{"start":{"line":16,"column":0},"end":{"line":16,"column":53}},"7":{"start":{"line":17,"column":0},"end":{"line":17,"column":38}},"8":{"start":{"line":20,"column":0},"end":{"line":20,"column":56}},"9":{"start":{"line":21,"column":0},"end":{"line":21,"column":65}},"10":{"start":{"line":22,"column":0},"end":{"line":22,"column":59}},"11":{"start":{"line":24,"column":0},"end":{"line":24,"column":24}}},"fnMap":{},"branchMap":{},"s":{"0":3,"1":3,"2":3,"3":3,"4":3,"5":3,"6":3,"7":3,"8":3,"9":3,"10":3,"11":3},"f":{},"b":{},"_coverageSchema":"1a1c01bbd47fc00a2c39e90264f33305004495a9","hash":"bcd2bf237f14bc5e80b09fc42bb251e2e1091f59"}
,"/Users/vasileiospapakostas/Desktop/employee-management-api/routes/skillRoutes.js": {"path":"/Users/vasileiospapakostas/Desktop/employee-management-api/routes/skillRoutes.js","statementMap":{"0":{"start":{"line":1,"column":16},"end":{"line":1,"column":34}},"1":{"start":{"line":2,"column":15},"end":{"line":2,"column":31}},"2":{"start":{"line":3,"column":64},"end":{"line":3,"column":105}},"3":{"start":{"line":4,"column":26},"end":{"line":4,"column":62}},"4":{"start":{"line":6,"column":0},"end":{"line":6,"column":30}},"5":{"start":{"line":7,"column":0},"end":{"line":7,"column":45}},"6":{"start":{"line":8,"column":0},"end":{"line":8,"column":47}},"7":{"start":{"line":9,"column":0},"end":{"line":9,"column":35}},"8":{"start":{"line":11,"column":0},"end":{"line":11,"column":24}}},"fnMap":{},"branchMap":{},"s":{"0":3,"1":3,"2":3,"3":3,"4":3,"5":3,"6":3,"7":3,"8":3},"f":{},"b":{},"_coverageSchema":"1a1c01bbd47fc00a2c39e90264f33305004495a9","hash":"9c90af148ffa9fd5f7d8cdb96b4148a321294ef5"}
}
