TN:
SF:server.js
FN:8,(anonymous_0)
FN:22,(anonymous_1)
FNF:2
FNH:1
FNDA:1,(anonymous_0)
FNDA:0,(anonymous_1)
DA:1,3
DA:2,3
DA:3,3
DA:4,3
DA:6,3
DA:8,3
DA:9,1
DA:14,3
DA:15,3
DA:17,3
DA:18,3
DA:21,3
DA:22,0
DA:23,0
DA:27,3
LF:15
LH:13
BRDA:4,0,0,3
BRDA:4,0,1,0
BRDA:21,1,0,0
BRDA:21,1,1,3
BRF:4
BRH:2
end_of_record
TN:
SF:controllers/employeeController.js
FN:7,(anonymous_0)
FN:12,(anonymous_1)
FN:25,(anonymous_2)
FN:31,(anonymous_3)
FN:43,(anonymous_4)
FN:45,(anonymous_5)
FN:56,(anonymous_6)
FN:58,(anonymous_7)
FN:65,(anonymous_8)
FN:67,(anonymous_9)
FN:74,(anonymous_10)
FN:76,(anonymous_11)
FN:77,(anonymous_12)
FNF:13
FNH:13
FNDA:3,(anonymous_0)
FNDA:29,(anonymous_1)
FNDA:2,(anonymous_2)
FNDA:11,(anonymous_3)
FNDA:2,(anonymous_4)
FNDA:16,(anonymous_5)
FNDA:2,(anonymous_6)
FNDA:25,(anonymous_7)
FNDA:2,(anonymous_8)
FNDA:37,(anonymous_9)
FNDA:3,(anonymous_10)
FNDA:79,(anonymous_11)
FNDA:184,(anonymous_12)
DA:1,3
DA:2,3
DA:4,3
DA:7,3
DA:8,3
DA:12,3
DA:14,29
DA:16,29
DA:18,29
DA:19,29
DA:21,29
DA:25,3
DA:27,2
DA:29,2
DA:31,11
DA:33,2
DA:34,1
DA:37,1
DA:39,1
DA:43,3
DA:44,2
DA:45,16
DA:46,2
DA:47,1
DA:50,1
DA:52,1
DA:56,3
DA:57,2
DA:58,2
DA:59,25
DA:61,2
DA:65,3
DA:66,2
DA:67,2
DA:68,37
DA:70,2
DA:74,3
DA:75,3
DA:76,3
DA:77,79
DA:78,184
DA:81,3
DA:84,3
LF:43
LH:43
BRDA:33,0,0,1
BRDA:33,0,1,1
BRDA:46,1,0,1
BRDA:46,1,1,1
BRDA:77,2,0,79
BRDA:77,2,1,78
BRF:6
BRH:6
end_of_record
TN:
SF:controllers/skillController.js
FN:7,(anonymous_0)
FN:12,(anonymous_1)
FN:21,(anonymous_2)
FN:24,(anonymous_3)
FN:33,(anonymous_4)
FN:35,(anonymous_5)
FNF:6
FNH:6
FNDA:3,(anonymous_0)
FNDA:5,(anonymous_1)
FNDA:2,(anonymous_2)
FNDA:13,(anonymous_3)
FNDA:2,(anonymous_4)
FNDA:16,(anonymous_5)
DA:1,3
DA:2,3
DA:4,3
DA:7,3
DA:8,3
DA:12,3
DA:13,5
DA:14,5
DA:15,5
DA:16,5
DA:17,5
DA:21,3
DA:22,2
DA:23,2
DA:24,13
DA:25,2
DA:26,1
DA:28,1
DA:29,1
DA:33,3
DA:34,2
DA:35,16
DA:36,2
DA:37,1
DA:39,1
DA:40,1
DA:43,3
LF:27
LH:27
BRDA:25,0,0,1
BRDA:25,0,1,1
BRDA:36,1,0,1
BRDA:36,1,1,1
BRF:4
BRH:4
end_of_record
TN:
SF:middlewares/validation.js
FN:2,(anonymous_0)
FN:42,(anonymous_1)
FNF:2
FNH:2
FNDA:38,(anonymous_0)
FNDA:14,(anonymous_1)
DA:2,3
DA:3,38
DA:6,38
DA:7,1
DA:14,37
DA:15,2
DA:22,35
DA:23,3
DA:30,32
DA:31,1
DA:38,31
DA:42,3
DA:43,14
DA:46,14
DA:47,1
DA:54,13
DA:55,3
DA:62,10
DA:63,3
DA:70,7
DA:73,3
LF:21
LH:21
BRDA:6,0,0,1
BRDA:6,0,1,37
BRDA:6,1,0,38
BRDA:6,1,1,37
BRDA:6,1,2,37
BRDA:6,1,3,37
BRDA:14,2,0,2
BRDA:14,2,1,35
BRDA:14,3,0,37
BRDA:14,3,1,36
BRDA:22,4,0,3
BRDA:22,4,1,32
BRDA:22,5,0,35
BRDA:22,5,1,33
BRDA:30,6,0,1
BRDA:30,6,1,31
BRDA:30,7,0,32
BRDA:30,7,1,30
BRDA:46,8,0,1
BRDA:46,8,1,13
BRDA:46,9,0,14
BRDA:46,9,1,13
BRDA:46,9,2,13
BRDA:46,9,3,13
BRDA:46,9,4,13
BRDA:46,9,5,13
BRDA:54,10,0,3
BRDA:54,10,1,10
BRDA:54,11,0,13
BRDA:54,11,1,12
BRDA:54,11,2,11
BRDA:62,12,0,3
BRDA:62,12,1,7
BRDA:62,13,0,10
BRDA:62,13,1,9
BRDA:62,13,2,8
BRF:36
BRH:36
end_of_record
TN:
SF:models/employeeModel.js
FNF:0
FNH:0
DA:1,3
DA:6,3
LF:2
LH:2
BRF:0
BRH:0
end_of_record
TN:
SF:models/skillModel.js
FNF:0
FNH:0
DA:1,3
DA:3,3
DA:30,3
LF:3
LH:3
BRF:0
BRH:0
end_of_record
TN:
SF:routes/employeeRoutes.js
FNF:0
FNH:0
DA:1,3
DA:2,3
DA:11,3
DA:12,3
DA:14,3
DA:15,3
DA:16,3
DA:17,3
DA:20,3
DA:21,3
DA:22,3
DA:24,3
LF:12
LH:12
BRF:0
BRH:0
end_of_record
TN:
SF:routes/skillRoutes.js
FNF:0
FNH:0
DA:1,3
DA:2,3
DA:3,3
DA:4,3
DA:6,3
DA:7,3
DA:8,3
DA:9,3
DA:11,3
LF:9
LH:9
BRF:0
BRH:0
end_of_record
