TN:
SF:server.js
FN:8,(anonymous_0)
FN:22,(anonymous_1)
FNF:2
FNH:1
FNDA:1,(anonymous_0)
FNDA:0,(anonymous_1)
DA:1,3
DA:2,3
DA:3,3
DA:4,3
DA:6,3
DA:8,3
DA:9,1
DA:14,3
DA:15,3
DA:17,3
DA:18,3
DA:21,3
DA:22,0
DA:23,0
DA:27,3
LF:15
LH:13
BRDA:4,0,0,3
BRDA:4,0,1,0
BRDA:21,1,0,0
BRDA:21,1,1,3
BRF:4
BRH:2
end_of_record
TN:
SF:controllers/employeeController.js
FN:7,(anonymous_0)
FN:12,(anonymous_1)
FN:25,(anonymous_2)
FN:31,(anonymous_3)
FN:43,(anonymous_4)
FN:45,(anonymous_5)
FN:56,(anonymous_6)
FN:58,(anonymous_7)
FN:65,(anonymous_8)
FN:67,(anonymous_9)
FN:74,(anonymous_10)
FN:76,(anonymous_11)
FN:77,(anonymous_12)
FNF:13
FNH:13
FNDA:4,(anonymous_0)
FNDA:30,(anonymous_1)
FNDA:4,(anonymous_2)
FNDA:14,(anonymous_3)
FNDA:4,(anonymous_4)
FNDA:19,(anonymous_5)
FNDA:4,(anonymous_6)
FNDA:29,(anonymous_7)
FNDA:4,(anonymous_8)
FNDA:41,(anonymous_9)
FNDA:6,(anonymous_10)
FNDA:86,(anonymous_11)
FNDA:194,(anonymous_12)
DA:1,4
DA:2,4
DA:4,4
DA:7,4
DA:8,4
DA:12,4
DA:14,30
DA:16,30
DA:18,30
DA:19,30
DA:21,30
DA:25,4
DA:27,4
DA:29,4
DA:31,14
DA:33,4
DA:34,2
DA:37,2
DA:39,2
DA:43,4
DA:44,4
DA:45,19
DA:46,4
DA:47,2
DA:50,2
DA:52,2
DA:56,4
DA:57,4
DA:58,4
DA:59,29
DA:61,4
DA:65,4
DA:66,4
DA:67,4
DA:68,41
DA:70,4
DA:74,4
DA:75,6
DA:76,6
DA:77,86
DA:78,194
DA:81,6
DA:84,4
LF:43
LH:43
BRDA:33,0,0,2
BRDA:33,0,1,2
BRDA:46,1,0,2
BRDA:46,1,1,2
BRDA:77,2,0,86
BRDA:77,2,1,84
BRF:6
BRH:6
end_of_record
TN:
SF:controllers/skillController.js
FN:7,(anonymous_0)
FN:12,(anonymous_1)
FN:21,(anonymous_2)
FN:24,(anonymous_3)
FN:33,(anonymous_4)
FN:35,(anonymous_5)
FNF:6
FNH:6
FNDA:4,(anonymous_0)
FNDA:6,(anonymous_1)
FNDA:4,(anonymous_2)
FNDA:16,(anonymous_3)
FNDA:4,(anonymous_4)
FNDA:19,(anonymous_5)
DA:1,4
DA:2,4
DA:4,4
DA:7,4
DA:8,4
DA:12,4
DA:13,6
DA:14,6
DA:15,6
DA:16,6
DA:17,6
DA:21,4
DA:22,4
DA:23,4
DA:24,16
DA:25,4
DA:26,2
DA:28,2
DA:29,2
DA:33,4
DA:34,4
DA:35,19
DA:36,4
DA:37,2
DA:39,2
DA:40,2
DA:43,4
LF:27
LH:27
BRDA:25,0,0,2
BRDA:25,0,1,2
BRDA:36,1,0,2
BRDA:36,1,1,2
BRF:4
BRH:4
end_of_record
TN:
SF:middlewares/validation.js
FN:2,(anonymous_0)
FN:42,(anonymous_1)
FNF:2
FNH:2
FNDA:49,(anonymous_0)
FNDA:24,(anonymous_1)
DA:2,4
DA:3,49
DA:6,49
DA:7,3
DA:14,46
DA:15,4
DA:22,42
DA:23,6
DA:30,36
DA:31,2
DA:38,34
DA:42,4
DA:43,24
DA:46,24
DA:47,4
DA:54,20
DA:55,6
DA:62,14
DA:63,6
DA:70,8
DA:73,4
LF:21
LH:21
BRDA:6,0,0,3
BRDA:6,0,1,46
BRDA:6,1,0,49
BRDA:6,1,1,47
BRDA:6,1,2,47
BRDA:6,1,3,46
BRDA:14,2,0,4
BRDA:14,2,1,42
BRDA:14,3,0,46
BRDA:14,3,1,44
BRDA:22,4,0,6
BRDA:22,4,1,36
BRDA:22,5,0,42
BRDA:22,5,1,38
BRDA:30,6,0,2
BRDA:30,6,1,34
BRDA:30,7,0,36
BRDA:30,7,1,33
BRDA:46,8,0,4
BRDA:46,8,1,20
BRDA:46,9,0,24
BRDA:46,9,1,22
BRDA:46,9,2,22
BRDA:46,9,3,21
BRDA:46,9,4,21
BRDA:46,9,5,20
BRDA:54,10,0,6
BRDA:54,10,1,14
BRDA:54,11,0,20
BRDA:54,11,1,18
BRDA:54,11,2,16
BRDA:62,12,0,6
BRDA:62,12,1,8
BRDA:62,13,0,14
BRDA:62,13,1,12
BRDA:62,13,2,10
BRF:36
BRH:36
end_of_record
TN:
SF:models/employeeModel.js
FNF:0
FNH:0
DA:1,4
DA:6,4
LF:2
LH:2
BRF:0
BRH:0
end_of_record
TN:
SF:models/skillModel.js
FNF:0
FNH:0
DA:1,4
DA:3,4
DA:30,4
LF:3
LH:3
BRF:0
BRH:0
end_of_record
TN:
SF:routes/employeeRoutes.js
FNF:0
FNH:0
DA:1,3
DA:2,3
DA:11,3
DA:12,3
DA:14,3
DA:15,3
DA:16,3
DA:17,3
DA:20,3
DA:21,3
DA:22,3
DA:24,3
LF:12
LH:12
BRF:0
BRH:0
end_of_record
TN:
SF:routes/skillRoutes.js
FNF:0
FNH:0
DA:1,3
DA:2,3
DA:3,3
DA:4,3
DA:6,3
DA:7,3
DA:8,3
DA:9,3
DA:11,3
LF:9
LH:9
BRF:0
BRH:0
end_of_record
